Flutter crash report.
Please report a bug at https://github.com/flutter/flutter/issues.

## command

flutter create .

## exception

PathAccessException: PathAccessException: Cannot create file, path = 'C:\Users\rblankenship\Downloads\meal_plan_pro\ios\Runner.xcworkspace\xcshareddata\WorkspaceSettings.xcsettings' (OS Error: The process cannot access the file because it is being used by another process.
, errno = 32)

```
#0      _File.throwIfError (dart:io/file_impl.dart:675:7)
#1      _File.createSync (dart:io/file_impl.dart:306:5)
#2      ForwardingFile.createSync (package:file/src/forwarding/forwarding_file.dart:26:16)
#3      ErrorHandlingFile.createSync.<anonymous closure> (package:flutter_tools/src/base/error_handling_io.dart:295:22)
#4      _runSync (package:flutter_tools/src/base/error_handling_io.dart:600:14)
#5      ErrorHandlingFile.createSync (package:flutter_tools/src/base/error_handling_io.dart:294:5)
#6      ErrorHandlingFile.copySync.<anonymous closure> (package:flutter_tools/src/base/error_handling_io.dart:332:24)
#7      _runSync (package:flutter_tools/src/base/error_handling_io.dart:600:14)
#8      ErrorHandlingFile.copySync (package:flutter_tools/src/base/error_handling_io.dart:331:5)
#9      Template.render.<anonymous closure> (package:flutter_tools/src/template.dart:379:18)
#10     _LinkedHashMapMixin.forEach (dart:collection-patch/compact_hash.dart:633:13)
#11     Template.render (package:flutter_tools/src/template.dart:281:24)
#12     CreateBase.renderMerged (package:flutter_tools/src/commands/create_base.dart:485:21)
<asynchronous suspension>
#13     CreateBase.generateApp (package:flutter_tools/src/commands/create_base.dart:508:23)
<asynchronous suspension>
#14     CreateCommand.runCommand (package:flutter_tools/src/commands/create.dart:369:31)
<asynchronous suspension>
#15     FlutterCommand.run.<anonymous closure> (package:flutter_tools/src/runner/flutter_command.dart:1408:27)
<asynchronous suspension>
#16     AppContext.run.<anonymous closure> (package:flutter_tools/src/base/context.dart:153:19)
<asynchronous suspension>
#17     CommandRunner.runCommand (package:args/command_runner.dart:212:13)
<asynchronous suspension>
#18     FlutterCommandRunner.runCommand.<anonymous closure> (package:flutter_tools/src/runner/flutter_command_runner.dart:420:9)
<asynchronous suspension>
#19     AppContext.run.<anonymous closure> (package:flutter_tools/src/base/context.dart:153:19)
<asynchronous suspension>
#20     FlutterCommandRunner.runCommand (package:flutter_tools/src/runner/flutter_command_runner.dart:364:5)
<asynchronous suspension>
#21     run.<anonymous closure>.<anonymous closure> (package:flutter_tools/runner.dart:130:9)
<asynchronous suspension>
#22     AppContext.run.<anonymous closure> (package:flutter_tools/src/base/context.dart:153:19)
<asynchronous suspension>
#23     main (package:flutter_tools/executable.dart:93:3)
<asynchronous suspension>
```

## flutter doctor

```
[33m[!][39m Flutter (Channel stable, 3.24.0, on Microsoft Windows [Version 10.0.26100.7171], locale en-US)
    [32m•[39m Flutter version 3.24.0 on channel stable at C:\Users\rblankenship\flutter\flutter
    [33m![39m The flutter binary is not on your path. Consider adding C:\Users\rblankenship\flutter\flutter\bin to your path.
    [33m![39m The dart binary is not on your path. Consider adding C:\Users\rblankenship\flutter\flutter\bin to your path.
    [32m•[39m Upstream repository https://github.com/flutter/flutter.git
    [32m•[39m Framework revision 80c2e84975 (1 year, 4 months ago), 2024-07-30 23:06:49 +0700
    [32m•[39m Engine revision b8800d88be
    [32m•[39m Dart version 3.5.0
    [32m•[39m DevTools version 2.37.2
    [32m•[39m If those were intentional, you can disregard the above warnings; however it is recommended to use "git" directly
      to perform update checks and upgrades.

[32m[✓][39m Windows Version (Installed version of Windows is version 10 or higher)

[31m[✗][39m Android toolchain - develop for Android devices
    [31m✗[39m Unable to locate Android SDK.
      Install Android Studio from: https://developer.android.com/studio/index.html
      On first launch it will assist you in installing the Android SDK components.
      (or visit https://flutter.dev/to/windows-android-setup for detailed instructions).
      If the Android SDK has been installed to a custom location, please use
      `flutter config --android-sdk` to update to that location.


[32m[✓][39m Chrome - develop for the web
    [32m•[39m Chrome at C:\Program Files\Google\Chrome\Application\chrome.exe

[31m[✗][39m Visual Studio - develop Windows apps
    [31m✗[39m Visual Studio not installed; this is necessary to develop Windows apps.
      Download at https://visualstudio.microsoft.com/downloads/.
      Please install the "Desktop development with C++" workload, including all of its default components

[33m[!][39m Android Studio (not installed)
    [32m•[39m Android Studio not found; download from https://developer.android.com/studio/index.html
      (or visit https://flutter.dev/to/windows-android-setup for detailed instructions).

[32m[✓][39m Connected device (3 available)
    [32m•[39m Windows (desktop) • windows • windows-x64    • Microsoft Windows [Version 10.0.26100.7171]
    [32m•[39m Chrome (web)      • chrome  • web-javascript • Google Chrome 142.0.7444.163
    [32m•[39m Edge (web)        • edge    • web-javascript • Microsoft Edge 142.0.3595.80

[32m[✓][39m Network resources
    [32m•[39m All expected network resources are available.

[33m![39m Doctor found issues in 4 categories.
```
